<?xml version="1.0" encoding="UTF-8"?>
<testsuite name="com.github.peterchen82.mybatis.service.ArtcleServiceTest" time="0.882" tests="17" errors="0" skipped="0" failures="0">
  <properties>
    <property name="java.runtime.name" value="Java(TM) SE Runtime Environment"/>
    <property name="sun.boot.library.path" value="/Library/Java/JavaVirtualMachines/jdk1.8.0_72.jdk/Contents/Home/jre/lib"/>
    <property name="java.vm.version" value="25.72-b15"/>
    <property name="gopherProxySet" value="false"/>
    <property name="java.vm.vendor" value="Oracle Corporation"/>
    <property name="maven.multiModuleProjectDirectory" value="/Users/jiechen/IdeaProjects/mybatis-in-springboot"/>
    <property name="java.vendor.url" value="http://java.oracle.com/"/>
    <property name="path.separator" value=":"/>
    <property name="guice.disable.misplaced.annotation.check" value="true"/>
    <property name="java.vm.name" value="Java HotSpot(TM) 64-Bit Server VM"/>
    <property name="file.encoding.pkg" value="sun.io"/>
    <property name="user.country" value="CN"/>
    <property name="sun.java.launcher" value="SUN_STANDARD"/>
    <property name="sun.os.patch.level" value="unknown"/>
    <property name="java.vm.specification.name" value="Java Virtual Machine Specification"/>
    <property name="user.dir" value="/Users/jiechen/IdeaProjects/mybatis-in-springboot"/>
    <property name="java.runtime.version" value="1.8.0_72-b15"/>
    <property name="java.awt.graphicsenv" value="sun.awt.CGraphicsEnvironment"/>
    <property name="java.endorsed.dirs" value="/Library/Java/JavaVirtualMachines/jdk1.8.0_72.jdk/Contents/Home/jre/lib/endorsed"/>
    <property name="os.arch" value="x86_64"/>
    <property name="java.io.tmpdir" value="/var/folders/hw/vw8lth9s2r7bmk_sw47gb49h0000gn/T/"/>
    <property name="line.separator" value="&#10;"/>
    <property name="java.vm.specification.vendor" value="Oracle Corporation"/>
    <property name="os.name" value="Mac OS X"/>
    <property name="classworlds.conf" value="/Users/jiechen/work/apache-maven-3.5.2/bin/m2.conf"/>
    <property name="sun.jnu.encoding" value="UTF-8"/>
    <property name="java.library.path" value="/Users/jiechen/Library/Java/Extensions:/Library/Java/Extensions:/Network/Library/Java/Extensions:/System/Library/Java/Extensions:/usr/lib/java:."/>
    <property name="maven.conf" value="/Users/jiechen/work/apache-maven-3.5.2/conf"/>
    <property name="java.specification.name" value="Java Platform API Specification"/>
    <property name="java.class.version" value="52.0"/>
    <property name="sun.management.compiler" value="HotSpot 64-Bit Tiered Compilers"/>
    <property name="os.version" value="10.13.1"/>
    <property name="library.jansi.path" value="/Users/jiechen/work/apache-maven-3.5.2/lib/jansi-native"/>
    <property name="http.nonProxyHosts" value="127.0.0.1:6258|*.127.0.0.1:6258|127.0.0.1:6263|*.127.0.0.1:6263|127.0.0.1:10191|*.127.0.0.1:10191|127.0.0.1:14821|*.127.0.0.1:14821|127.0.0.1:24861|*.127.0.0.1:24861|127.0.0.1:25007|*.127.0.0.1:25007|127.0.0.1:38151|*.127.0.0.1:38151|127.0.0.1:46360|*.127.0.0.1:46360|127.0.0.1:49801|*.127.0.0.1:49801|127.0.0.1:55730|*.127.0.0.1:55730|127.0.0.1:59483|*.127.0.0.1:59483"/>
    <property name="user.home" value="/Users/jiechen"/>
    <property name="user.timezone" value="Asia/Shanghai"/>
    <property name="java.awt.printerjob" value="sun.lwawt.macosx.CPrinterJob"/>
    <property name="java.specification.version" value="1.8"/>
    <property name="file.encoding" value="UTF-8"/>
    <property name="user.name" value="jiechen"/>
    <property name="java.class.path" value="/Users/jiechen/work/apache-maven-3.5.2/boot/plexus-classworlds-2.5.2.jar"/>
    <property name="java.vm.specification.version" value="1.8"/>
    <property name="sun.arch.data.model" value="64"/>
    <property name="java.home" value="/Library/Java/JavaVirtualMachines/jdk1.8.0_72.jdk/Contents/Home/jre"/>
    <property name="sun.java.command" value="org.codehaus.plexus.classworlds.launcher.Launcher clean package -Pprod"/>
    <property name="java.specification.vendor" value="Oracle Corporation"/>
    <property name="user.language" value="zh"/>
    <property name="user.language.format" value="en"/>
    <property name="awt.toolkit" value="sun.lwawt.macosx.LWCToolkit"/>
    <property name="java.vm.info" value="mixed mode"/>
    <property name="java.version" value="1.8.0_72"/>
    <property name="java.ext.dirs" value="/Users/jiechen/Library/Java/Extensions:/Library/Java/JavaVirtualMachines/jdk1.8.0_72.jdk/Contents/Home/jre/lib/ext:/Library/Java/Extensions:/Network/Library/Java/Extensions:/System/Library/Java/Extensions:/usr/lib/java"/>
    <property name="sun.boot.class.path" value="/Library/Java/JavaVirtualMachines/jdk1.8.0_72.jdk/Contents/Home/jre/lib/resources.jar:/Library/Java/JavaVirtualMachines/jdk1.8.0_72.jdk/Contents/Home/jre/lib/rt.jar:/Library/Java/JavaVirtualMachines/jdk1.8.0_72.jdk/Contents/Home/jre/lib/sunrsasign.jar:/Library/Java/JavaVirtualMachines/jdk1.8.0_72.jdk/Contents/Home/jre/lib/jsse.jar:/Library/Java/JavaVirtualMachines/jdk1.8.0_72.jdk/Contents/Home/jre/lib/jce.jar:/Library/Java/JavaVirtualMachines/jdk1.8.0_72.jdk/Contents/Home/jre/lib/charsets.jar:/Library/Java/JavaVirtualMachines/jdk1.8.0_72.jdk/Contents/Home/jre/lib/jfr.jar:/Library/Java/JavaVirtualMachines/jdk1.8.0_72.jdk/Contents/Home/jre/classes"/>
    <property name="java.vendor" value="Oracle Corporation"/>
    <property name="maven.home" value="/Users/jiechen/work/apache-maven-3.5.2"/>
    <property name="file.separator" value="/"/>
    <property name="java.vendor.url.bug" value="http://bugreport.sun.com/bugreport/"/>
    <property name="sun.cpu.endian" value="little"/>
    <property name="sun.io.unicode.encoding" value="UnicodeBig"/>
    <property name="socksNonProxyHosts" value="127.0.0.1:6258|*.127.0.0.1:6258|127.0.0.1:6263|*.127.0.0.1:6263|127.0.0.1:10191|*.127.0.0.1:10191|127.0.0.1:14821|*.127.0.0.1:14821|127.0.0.1:24861|*.127.0.0.1:24861|127.0.0.1:25007|*.127.0.0.1:25007|127.0.0.1:38151|*.127.0.0.1:38151|127.0.0.1:46360|*.127.0.0.1:46360|127.0.0.1:49801|*.127.0.0.1:49801|127.0.0.1:55730|*.127.0.0.1:55730|127.0.0.1:59483|*.127.0.0.1:59483"/>
    <property name="ftp.nonProxyHosts" value="127.0.0.1:6258|*.127.0.0.1:6258|127.0.0.1:6263|*.127.0.0.1:6263|127.0.0.1:10191|*.127.0.0.1:10191|127.0.0.1:14821|*.127.0.0.1:14821|127.0.0.1:24861|*.127.0.0.1:24861|127.0.0.1:25007|*.127.0.0.1:25007|127.0.0.1:38151|*.127.0.0.1:38151|127.0.0.1:46360|*.127.0.0.1:46360|127.0.0.1:49801|*.127.0.0.1:49801|127.0.0.1:55730|*.127.0.0.1:55730|127.0.0.1:59483|*.127.0.0.1:59483"/>
    <property name="sun.cpu.isalist" value=""/>
  </properties>
  <testcase name="testSaveMany" classname="com.github.peterchen82.mybatis.service.ArtcleServiceTest" time="0.03"/>
  <testcase name="testGetArtcles" classname="com.github.peterchen82.mybatis.service.ArtcleServiceTest" time="0.054"/>
  <testcase name="testSaveManyForIdNotNull" classname="com.github.peterchen82.mybatis.service.ArtcleServiceTest" time="0.073"/>
  <testcase name="testSaveAndGetOne" classname="com.github.peterchen82.mybatis.service.ArtcleServiceTest" time="0.046"/>
  <testcase name="testGetArtclesCache" classname="com.github.peterchen82.mybatis.service.ArtcleServiceTest" time="0.161"/>
  <testcase name="testDeleteAll" classname="com.github.peterchen82.mybatis.service.ArtcleServiceTest" time="0.046"/>
  <testcase name="testSaveManyForCreatedNotNull" classname="com.github.peterchen82.mybatis.service.ArtcleServiceTest" time="0.057"/>
  <testcase name="testDeleteForZero" classname="com.github.peterchen82.mybatis.service.ArtcleServiceTest" time="0.032"/>
  <testcase name="testSaveManyForNull" classname="com.github.peterchen82.mybatis.service.ArtcleServiceTest" time="0.052"/>
  <testcase name="testSaveManyForZero" classname="com.github.peterchen82.mybatis.service.ArtcleServiceTest" time="0.044"/>
  <testcase name="testUpdateForIdIsNull" classname="com.github.peterchen82.mybatis.service.ArtcleServiceTest" time="0.024"/>
  <testcase name="testUpdateForIdIsZero" classname="com.github.peterchen82.mybatis.service.ArtcleServiceTest" time="0.043"/>
  <testcase name="testDelete" classname="com.github.peterchen82.mybatis.service.ArtcleServiceTest" time="0.059"/>
  <testcase name="testDeleteForIdNull" classname="com.github.peterchen82.mybatis.service.ArtcleServiceTest" time="0.051"/>
  <testcase name="testSaveCustomId" classname="com.github.peterchen82.mybatis.service.ArtcleServiceTest" time="0.021"/>
  <testcase name="testSaveCustomCreated" classname="com.github.peterchen82.mybatis.service.ArtcleServiceTest" time="0.042"/>
  <testcase name="testUpdate" classname="com.github.peterchen82.mybatis.service.ArtcleServiceTest" time="0.047"/>
</testsuite>